# JRE version: OpenJDK Runtime Environment (17.0.6) (build 17.0.6+0-b2043.56-9586694)
# Java VM: OpenJDK 64-Bit Server VM (17.0.6+0-b2043.56-9586694, mixed mode, tiered, compressed oops, compressed class ptrs, g1 gc, windows-amd64)
GC Precious Log:
 CPUs: 12 total, 12 available
 Memory: 6005M
 Large Page Support: Disabled
 NUMA Support: Disabled
 Compressed Oops: Enabled (Zero based)
 Heap Region Size: 4M
 Heap Min Capacity: 8M
 Heap Initial Capacity: 96M
 Heap Max Capacity: 4608M
 Pre-touch: Disabled
 Parallel Workers: 10
 Concurrent Workers: 3
 Concurrent Refinement Workers: 10
 Periodic GC: Disabled
Heap:
 garbage-first heap   total 262144K, used 189036K [0x00000006e0000000, 0x0000000800000000)
  region size 4096K, 13 young (53248K), 2 survivors (8192K)
 Metaspace       used 96543K, committed 97728K, reserved 1138688K
  class space    used 13256K, committed 13760K, reserved 1048576K
GC Heap History (20 events):
Event: 18.267 GC heap before
{Heap before GC invocations=44 (full 0):
 garbage-first heap   total 159744K, used 117169K [0x00000006e0000000, 0x0000000800000000)
  region size 4096K, 9 young (36864K), 2 survivors (8192K)
 Metaspace       used 82408K, committed 83264K, reserved 1122304K
  class space    used 11260K, committed 11648K, reserved 1048576K
}
Event: 18.275 GC heap after
{Heap after GC invocations=45 (full 0):
 garbage-first heap   total 159744K, used 93653K [0x00000006e0000000, 0x0000000800000000)
  region size 4096K, 2 young (8192K), 2 survivors (8192K)
 Metaspace       used 82408K, committed 83264K, reserved 1122304K
  class space    used 11260K, committed 11648K, reserved 1048576K
}
Event: 19.157 GC heap before
{Heap before GC invocations=45 (full 0):
 garbage-first heap   total 159744K, used 118229K [0x00000006e0000000, 0x0000000800000000)
  region size 4096K, 9 young (36864K), 2 survivors (8192K)
 Metaspace       used 82661K, committed 83520K, reserved 1122304K
  class space    used 11280K, committed 11648K, reserved 1048576K
}
Event: 19.164 GC heap after
{Heap after GC invocations=46 (full 0):
 garbage-first heap   total 159744K, used 101204K [0x00000006e0000000, 0x0000000800000000)
  region size 4096K, 2 young (8192K), 2 survivors (8192K)
 Metaspace       used 82661K, committed 83520K, reserved 1122304K
  class space    used 11280K, committed 11648K, reserved 1048576K
}
Event: 19.811 GC heap before
{Heap before GC invocations=47 (full 0):
 garbage-first heap   total 180224K, used 125780K [0x00000006e0000000, 0x0000000800000000)
  region size 4096K, 8 young (32768K), 2 survivors (8192K)
 Metaspace       used 83043K, committed 83904K, reserved 1122304K
  class space    used 11333K, committed 11712K, reserved 1048576K
}
Event: 19.817 GC heap after
{Heap after GC invocations=48 (full 0):
 garbage-first heap   total 180224K, used 106694K [0x00000006e0000000, 0x0000000800000000)
  region size 4096K, 1 young (4096K), 1 survivors (4096K)
 Metaspace       used 83043K, committed 83904K, reserved 1122304K
  class space    used 11333K, committed 11712K, reserved 1048576K
}
Event: 19.892 GC heap before
{Heap before GC invocations=48 (full 0):
 garbage-first heap   total 180224K, used 110790K [0x00000006e0000000, 0x0000000800000000)
  region size 4096K, 2 young (8192K), 1 survivors (4096K)
 Metaspace       used 83044K, committed 83904K, reserved 1122304K
  class space    used 11333K, committed 11712K, reserved 1048576K
}
Event: 19.898 GC heap after
{Heap after GC invocations=49 (full 0):
 garbage-first heap   total 180224K, used 107131K [0x00000006e0000000, 0x0000000800000000)
  region size 4096K, 1 young (4096K), 1 survivors (4096K)
 Metaspace       used 83044K, committed 83904K, reserved 1122304K
  class space    used 11333K, committed 11712K, reserved 1048576K
}
Event: 20.680 GC heap before
{Heap before GC invocations=49 (full 0):
 garbage-first heap   total 180224K, used 131707K [0x00000006e0000000, 0x0000000800000000)
  region size 4096K, 7 young (28672K), 1 survivors (4096K)
 Metaspace       used 83282K, committed 84224K, reserved 1122304K
  class space    used 11362K, committed 11776K, reserved 1048576K
}
Event: 20.685 GC heap after
{Heap after GC invocations=50 (full 0):
 garbage-first heap   total 217088K, used 112287K [0x00000006e0000000, 0x0000000800000000)
  region size 4096K, 1 young (4096K), 1 survivors (4096K)
 Metaspace       used 83282K, committed 84224K, reserved 1122304K
  class space    used 11362K, committed 11776K, reserved 1048576K
}
Event: 22.137 GC heap before
{Heap before GC invocations=51 (full 0):
 garbage-first heap   total 217088K, used 153247K [0x00000006e0000000, 0x0000000800000000)
  region size 4096K, 12 young (49152K), 1 survivors (4096K)
 Metaspace       used 84051K, committed 85120K, reserved 1122304K
  class space    used 11473K, committed 11904K, reserved 1048576K
}
Event: 22.145 GC heap after
{Heap after GC invocations=52 (full 0):
 garbage-first heap   total 217088K, used 120323K [0x00000006e0000000, 0x0000000800000000)
  region size 4096K, 2 young (8192K), 2 survivors (8192K)
 Metaspace       used 84051K, committed 85120K, reserved 1122304K
  class space    used 11473K, committed 11904K, reserved 1048576K
}
Event: 23.030 GC heap before
{Heap before GC invocations=52 (full 0):
 garbage-first heap   total 217088K, used 161283K [0x00000006e0000000, 0x0000000800000000)
  region size 4096K, 12 young (49152K), 2 survivors (8192K)
 Metaspace       used 87885K, committed 88896K, reserved 1130496K
  class space    used 12088K, committed 12480K, reserved 1048576K
}
Event: 23.038 GC heap after
{Heap after GC invocations=53 (full 0):
 garbage-first heap   total 217088K, used 125697K [0x00000006e0000000, 0x0000000800000000)
  region size 4096K, 2 young (8192K), 2 survivors (8192K)
 Metaspace       used 87885K, committed 88896K, reserved 1130496K
  class space    used 12088K, committed 12480K, reserved 1048576K
}
Event: 23.928 GC heap before
{Heap before GC invocations=54 (full 0):
 garbage-first heap   total 225280K, used 162561K [0x00000006e0000000, 0x0000000800000000)
  region size 4096K, 11 young (45056K), 2 survivors (8192K)
 Metaspace       used 91786K, committed 92800K, reserved 1130496K
  class space    used 12556K, committed 12992K, reserved 1048576K
}
Event: 23.934 GC heap after
{Heap after GC invocations=55 (full 0):
 garbage-first heap   total 225280K, used 129730K [0x00000006e0000000, 0x0000000800000000)
  region size 4096K, 1 young (4096K), 1 survivors (4096K)
 Metaspace       used 91786K, committed 92800K, reserved 1130496K
  class space    used 12556K, committed 12992K, reserved 1048576K
}
Event: 24.694 GC heap before
{Heap before GC invocations=55 (full 0):
 garbage-first heap   total 225280K, used 174786K [0x00000006e0000000, 0x0000000800000000)
  region size 4096K, 12 young (49152K), 1 survivors (4096K)
 Metaspace       used 93254K, committed 94336K, reserved 1138688K
  class space    used 12733K, committed 13184K, reserved 1048576K
}
Event: 24.712 GC heap after
{Heap after GC invocations=56 (full 0):
 garbage-first heap   total 225280K, used 140191K [0x00000006e0000000, 0x0000000800000000)
  region size 4096K, 2 young (8192K), 2 survivors (8192K)
 Metaspace       used 93254K, committed 94336K, reserved 1138688K
  class space    used 12733K, committed 13184K, reserved 1048576K
}
Event: 25.080 GC heap before
{Heap before GC invocations=57 (full 0):
 garbage-first heap   total 262144K, used 172959K [0x00000006e0000000, 0x0000000800000000)
  region size 4096K, 10 young (40960K), 2 survivors (8192K)
 Metaspace       used 93792K, committed 94848K, reserved 1138688K
  class space    used 12795K, committed 13248K, reserved 1048576K
}
Event: 25.091 GC heap after
{Heap after GC invocations=58 (full 0):
 garbage-first heap   total 262144K, used 148076K [0x00000006e0000000, 0x0000000800000000)
  region size 4096K, 2 young (8192K), 2 survivors (8192K)
 Metaspace       used 93792K, committed 94848K, reserved 1138688K
  class space    used 12795K, committed 13248K, reserved 1048576K
}

