# JRE version: OpenJDK Runtime Environment (17.0.6) (build 17.0.6+0-b2043.56-9586694)
# Java VM: OpenJDK 64-Bit Server VM (17.0.6+0-b2043.56-9586694, mixed mode, tiered, compressed oops, compressed class ptrs, g1 gc, windows-amd64)
GC Precious Log:
 CPUs: 12 total, 12 available
 Memory: 6005M
 Large Page Support: Disabled
 NUMA Support: Disabled
 Compressed Oops: Enabled (Zero based)
 Heap Region Size: 4M
 Heap Min Capacity: 8M
 Heap Initial Capacity: 96M
 Heap Max Capacity: 4608M
 Pre-touch: Disabled
 Parallel Workers: 10
 Concurrent Workers: 3
 Concurrent Refinement Workers: 10
 Periodic GC: Disabled
Heap:
 garbage-first heap   total 221184K, used 128331K [0x00000006e0000000, 0x0000000800000000)
  region size 4096K, 3 young (12288K), 2 survivors (8192K)
 Metaspace       used 91515K, committed 92544K, reserved 1130496K
  class space    used 12497K, committed 12928K, reserved 1048576K
GC Heap History (20 events):
Event: 15.890 GC heap before
{Heap before GC invocations=38 (full 0):
 garbage-first heap   total 139264K, used 99524K [0x00000006e0000000, 0x0000000800000000)
  region size 4096K, 9 young (36864K), 2 survivors (8192K)
 Metaspace       used 77365K, committed 78016K, reserved 1122304K
  class space    used 10475K, committed 10752K, reserved 1048576K
}
Event: 15.895 GC heap after
{Heap after GC invocations=39 (full 0):
 garbage-first heap   total 139264K, used 72826K [0x00000006e0000000, 0x0000000800000000)
  region size 4096K, 1 young (4096K), 1 survivors (4096K)
 Metaspace       used 77365K, committed 78016K, reserved 1122304K
  class space    used 10475K, committed 10752K, reserved 1048576K
}
Event: 16.304 GC heap before
{Heap before GC invocations=39 (full 0):
 garbage-first heap   total 139264K, used 109690K [0x00000006e0000000, 0x0000000800000000)
  region size 4096K, 10 young (40960K), 1 survivors (4096K)
 Metaspace       used 78976K, committed 79744K, reserved 1122304K
  class space    used 10734K, committed 11072K, reserved 1048576K
}
Event: 16.309 GC heap after
{Heap after GC invocations=40 (full 0):
 garbage-first heap   total 139264K, used 76775K [0x00000006e0000000, 0x0000000800000000)
  region size 4096K, 2 young (8192K), 2 survivors (8192K)
 Metaspace       used 78976K, committed 79744K, reserved 1122304K
  class space    used 10734K, committed 11072K, reserved 1048576K
}
Event: 16.858 GC heap before
{Heap before GC invocations=41 (full 0):
 garbage-first heap   total 143360K, used 109543K [0x00000006e0000000, 0x0000000800000000)
  region size 4096K, 10 young (40960K), 2 survivors (8192K)
 Metaspace       used 80372K, committed 81152K, reserved 1122304K
  class space    used 10933K, committed 11264K, reserved 1048576K
}
Event: 16.866 GC heap after
{Heap after GC invocations=42 (full 0):
 garbage-first heap   total 143360K, used 80330K [0x00000006e0000000, 0x0000000800000000)
  region size 4096K, 1 young (4096K), 1 survivors (4096K)
 Metaspace       used 80372K, committed 81152K, reserved 1122304K
  class space    used 10933K, committed 11264K, reserved 1048576K
}
Event: 17.394 GC heap before
{Heap before GC invocations=42 (full 0):
 garbage-first heap   total 143360K, used 113098K [0x00000006e0000000, 0x0000000800000000)
  region size 4096K, 9 young (36864K), 1 survivors (4096K)
 Metaspace       used 81285K, committed 82112K, reserved 1122304K
  class space    used 11057K, committed 11392K, reserved 1048576K
}
Event: 17.400 GC heap after
{Heap after GC invocations=43 (full 0):
 garbage-first heap   total 172032K, used 87385K [0x00000006e0000000, 0x0000000800000000)
  region size 4096K, 2 young (8192K), 2 survivors (8192K)
 Metaspace       used 81285K, committed 82112K, reserved 1122304K
  class space    used 11057K, committed 11392K, reserved 1048576K
}
Event: 18.269 GC heap before
{Heap before GC invocations=44 (full 0):
 garbage-first heap   total 172032K, used 132441K [0x00000006e0000000, 0x0000000800000000)
  region size 4096K, 13 young (53248K), 2 survivors (8192K)
 Metaspace       used 82496K, committed 83392K, reserved 1122304K
  class space    used 11235K, committed 11648K, reserved 1048576K
}
Event: 18.276 GC heap after
{Heap after GC invocations=45 (full 0):
 garbage-first heap   total 172032K, used 94357K [0x00000006e0000000, 0x0000000800000000)
  region size 4096K, 2 young (8192K), 2 survivors (8192K)
 Metaspace       used 82496K, committed 83392K, reserved 1122304K
  class space    used 11235K, committed 11648K, reserved 1048576K
}
Event: 18.891 GC heap before
{Heap before GC invocations=45 (full 0):
 garbage-first heap   total 172032K, used 127125K [0x00000006e0000000, 0x0000000800000000)
  region size 4096K, 11 young (45056K), 2 survivors (8192K)
 Metaspace       used 82945K, committed 83904K, reserved 1122304K
  class space    used 11300K, committed 11712K, reserved 1048576K
}
Event: 18.900 GC heap after
{Heap after GC invocations=46 (full 0):
 garbage-first heap   total 172032K, used 105416K [0x00000006e0000000, 0x0000000800000000)
  region size 4096K, 2 young (8192K), 2 survivors (8192K)
 Metaspace       used 82945K, committed 83904K, reserved 1122304K
  class space    used 11300K, committed 11712K, reserved 1048576K
}
Event: 19.365 GC heap before
{Heap before GC invocations=47 (full 0):
 garbage-first heap   total 184320K, used 129992K [0x00000006e0000000, 0x0000000800000000)
  region size 4096K, 8 young (32768K), 2 survivors (8192K)
 Metaspace       used 83180K, committed 84160K, reserved 1122304K
  class space    used 11329K, committed 11776K, reserved 1048576K
}
Event: 19.371 GC heap after
{Heap after GC invocations=48 (full 0):
 garbage-first heap   total 184320K, used 110931K [0x00000006e0000000, 0x0000000800000000)
  region size 4096K, 1 young (4096K), 1 survivors (4096K)
 Metaspace       used 83180K, committed 84160K, reserved 1122304K
  class space    used 11329K, committed 11776K, reserved 1048576K
}
Event: 19.835 GC heap before
{Heap before GC invocations=48 (full 0):
 garbage-first heap   total 184320K, used 135507K [0x00000006e0000000, 0x0000000800000000)
  region size 4096K, 8 young (32768K), 1 survivors (4096K)
 Metaspace       used 83492K, committed 84480K, reserved 1122304K
  class space    used 11369K, committed 11776K, reserved 1048576K
}
Event: 19.840 GC heap after
{Heap after GC invocations=49 (full 0):
 garbage-first heap   total 184320K, used 115521K [0x00000006e0000000, 0x0000000800000000)
  region size 4096K, 1 young (4096K), 1 survivors (4096K)
 Metaspace       used 83492K, committed 84480K, reserved 1122304K
  class space    used 11369K, committed 11776K, reserved 1048576K
}
Event: 20.355 GC heap before
{Heap before GC invocations=50 (full 0):
 garbage-first heap   total 204800K, used 140097K [0x00000006e0000000, 0x0000000800000000)
  region size 4096K, 7 young (28672K), 1 survivors (4096K)
 Metaspace       used 84355K, committed 85376K, reserved 1130496K
  class space    used 11496K, committed 11904K, reserved 1048576K
}
Event: 20.361 GC heap after
{Heap after GC invocations=51 (full 0):
 garbage-first heap   total 204800K, used 120170K [0x00000006e0000000, 0x0000000800000000)
  region size 4096K, 1 young (4096K), 1 survivors (4096K)
 Metaspace       used 84355K, committed 85376K, reserved 1130496K
  class space    used 11496K, committed 11904K, reserved 1048576K
}
Event: 21.034 GC heap before
{Heap before GC invocations=51 (full 0):
 garbage-first heap   total 204800K, used 157034K [0x00000006e0000000, 0x0000000800000000)
  region size 4096K, 10 young (40960K), 1 survivors (4096K)
 Metaspace       used 87647K, committed 88640K, reserved 1130496K
  class space    used 12015K, committed 12416K, reserved 1048576K
}
Event: 21.041 GC heap after
{Heap after GC invocations=52 (full 0):
 garbage-first heap   total 204800K, used 124800K [0x00000006e0000000, 0x0000000800000000)
  region size 4096K, 2 young (8192K), 2 survivors (8192K)
 Metaspace       used 87647K, committed 88640K, reserved 1130496K
  class space    used 12015K, committed 12416K, reserved 1048576K
}

